
> web@0.1.0 check-types C:\Lakshya\rankroom\apps\web
> tsc --noEmit

app/(dashboard)/admin/departments/[id]/page.tsx(44,43): error TS2322: Type '{ children: Element; variant: "ghost"; size: "sm"; asChild: true; }' is not assignable to type 'IntrinsicAttributes & ButtonProps & VariantProps<(props?: (ConfigVariants<{ variant: { default: string; outline: string; secondary: string; ghost: string; destructive: string; link: string; }; size: { ...; }; }> & ClassProp) | undefined) => string>'.
  Property 'asChild' does not exist on type 'IntrinsicAttributes & ButtonProps & VariantProps<(props?: (ConfigVariants<{ variant: { default: string; outline: string; secondary: string; ghost: string; destructive: string; link: string; }; size: { ...; }; }> & ClassProp) | undefined) => string>'.
app/(dashboard)/admin/departments/page.tsx(144,74): error TS2322: Type '{ children: Element; size: "sm"; variant: "outline"; className: string; asChild: true; }' is not assignable to type 'IntrinsicAttributes & ButtonProps & VariantProps<(props?: (ConfigVariants<{ variant: { default: string; outline: string; secondary: string; ghost: string; destructive: string; link: string; }; size: { ...; }; }> & ClassProp) | undefined) => string>'.
  Property 'asChild' does not exist on type 'IntrinsicAttributes & ButtonProps & VariantProps<(props?: (ConfigVariants<{ variant: { default: string; outline: string; secondary: string; ghost: string; destructive: string; link: string; }; size: { ...; }; }> & ClassProp) | undefined) => string>'.
app/(dashboard)/admin/sections/page.tsx(115,36): error TS2322: Type 'Dispatch<SetStateAction<string>>' is not assignable to type '(value: string | null, eventDetails: SelectRootChangeEventDetails) => void'.
  Types of parameters 'value' and 'value' are incompatible.
    Type 'string | null' is not assignable to type 'SetStateAction<string>'.
      Type 'null' is not assignable to type 'SetStateAction<string>'.
app/(dashboard)/admin/sections/page.tsx(308,45): error TS2345: Argument of type '(f: { name: string; code: string; semester: string; academicYear: string; departmentId: string; }) => { departmentId: string | null; name: string; code: string; semester: string; academicYear: string; }' is not assignable to parameter of type 'SetStateAction<{ name: string; code: string; semester: string; academicYear: string; departmentId: string; }>'.
  Type '(f: { name: string; code: string; semester: string; academicYear: string; departmentId: string; }) => { departmentId: string | null; name: string; code: string; semester: string; academicYear: string; }' is not assignable to type '(prevState: { name: string; code: string; semester: string; academicYear: string; departmentId: string; }) => { name: string; code: string; semester: string; academicYear: string; departmentId: string; }'.
    Call signature return types '{ departmentId: string | null; name: string; code: string; semester: string; academicYear: string; }' and '{ name: string; code: string; semester: string; academicYear: string; departmentId: string; }' are incompatible.
      The types of 'departmentId' are incompatible between these types.
        Type 'string | null' is not assignable to type 'string'.
          Type 'null' is not assignable to type 'string'.
app/(dashboard)/admin/sections/page.tsx(327,47): error TS2345: Argument of type '(f: { name: string; code: string; semester: string; academicYear: string; departmentId: string; }) => { semester: string | null; name: string; code: string; academicYear: string; departmentId: string; }' is not assignable to parameter of type 'SetStateAction<{ name: string; code: string; semester: string; academicYear: string; departmentId: string; }>'.
  Type '(f: { name: string; code: string; semester: string; academicYear: string; departmentId: string; }) => { semester: string | null; name: string; code: string; academicYear: string; departmentId: string; }' is not assignable to type '(prevState: { name: string; code: string; semester: string; academicYear: string; departmentId: string; }) => { name: string; code: string; semester: string; academicYear: string; departmentId: string; }'.
    Call signature return types '{ semester: string | null; name: string; code: string; academicYear: string; departmentId: string; }' and '{ name: string; code: string; semester: string; academicYear: string; departmentId: string; }' are incompatible.
      The types of 'semester' are incompatible between these types.
        Type 'string | null' is not assignable to type 'string'.
          Type 'null' is not assignable to type 'string'.
app/(dashboard)/admin/users/page.tsx(15,10): error TS2305: Module '"@/lib/utils"' has no exported member 'formatDate'.
app/(dashboard)/admin/users/page.tsx(245,33): error TS2322: Type '{ src: string | null | undefined; name: string; size: "sm"; }' is not assignable to type 'IntrinsicAttributes & AvatarRootProps & { size?: "default" | "sm" | "lg" | undefined; }'.
  Property 'src' does not exist on type 'IntrinsicAttributes & AvatarRootProps & { size?: "default" | "sm" | "lg" | undefined; }'.
app/(dashboard)/assignments/[id]/page.tsx(13,10): error TS2305: Module '"@/lib/utils"' has no exported member 'formatDateTime'.
app/(dashboard)/assignments/page.tsx(21,10): error TS2305: Module '"@/lib/utils"' has no exported member 'formatDateTime'.
app/(dashboard)/assignments/page.tsx(120,22): error TS2322: Type '{ children: Element; asChild: true; }' is not assignable to type 'IntrinsicAttributes & Props<unknown>'.
  Property 'asChild' does not exist on type 'IntrinsicAttributes & Props<unknown>'.
app/(dashboard)/assignments/page.tsx(215,45): error TS2322: Type '{ children: Element; variant: "outline"; size: "sm"; asChild: true; }' is not assignable to type 'IntrinsicAttributes & ButtonProps & VariantProps<(props?: (ConfigVariants<{ variant: { default: string; outline: string; secondary: string; ghost: string; destructive: string; link: string; }; size: { ...; }; }> & ClassProp) | undefined) => string>'.
  Property 'asChild' does not exist on type 'IntrinsicAttributes & ButtonProps & VariantProps<(props?: (ConfigVariants<{ variant: { default: string; outline: string; secondary: string; ghost: string; destructive: string; link: string; }; size: { ...; }; }> & ClassProp) | undefined) => string>'.
app/(dashboard)/assignments/page.tsx(266,45): error TS2322: Type '{ children: Element; variant: "ghost"; size: "sm"; asChild: true; }' is not assignable to type 'IntrinsicAttributes & ButtonProps & VariantProps<(props?: (ConfigVariants<{ variant: { default: string; outline: string; secondary: string; ghost: string; destructive: string; link: string; }; size: { ...; }; }> & ClassProp) | undefined) => string>'.
  Property 'asChild' does not exist on type 'IntrinsicAttributes & ButtonProps & VariantProps<(props?: (ConfigVariants<{ variant: { default: string; outline: string; secondary: string; ghost: string; destructive: string; link: string; }; size: { ...; }; }> & ClassProp) | undefined) => string>'.
app/(dashboard)/assignments/page.tsx(274,51): error TS2322: Type '{ children: Element; variant: "outline"; size: "sm"; asChild: true; }' is not assignable to type 'IntrinsicAttributes & ButtonProps & VariantProps<(props?: (ConfigVariants<{ variant: { default: string; outline: string; secondary: string; ghost: string; destructive: string; link: string; }; size: { ...; }; }> & ClassProp) | undefined) => string>'.
  Property 'asChild' does not exist on type 'IntrinsicAttributes & ButtonProps & VariantProps<(props?: (ConfigVariants<{ variant: { default: string; outline: string; secondary: string; ghost: string; destructive: string; link: string; }; size: { ...; }; }> & ClassProp) | undefined) => string>'.
app/(dashboard)/attendance/mark/page.tsx(153,33): error TS2322: Type '{ src: string | null | undefined; name: string; size: "sm"; }' is not assignable to type 'IntrinsicAttributes & AvatarRootProps & { size?: "default" | "sm" | "lg" | undefined; }'.
  Property 'src' does not exist on type 'IntrinsicAttributes & AvatarRootProps & { size?: "default" | "sm" | "lg" | undefined; }'.
app/(dashboard)/attendance/page.tsx(133,19): error TS2322: Type '{ children: Element; asChild: true; className: string; }' is not assignable to type 'IntrinsicAttributes & ButtonProps & VariantProps<(props?: (ConfigVariants<{ variant: { default: string; outline: string; secondary: string; ghost: string; destructive: string; link: string; }; size: { ...; }; }> & ClassProp) | undefined) => string>'.
  Property 'asChild' does not exist on type 'IntrinsicAttributes & ButtonProps & VariantProps<(props?: (ConfigVariants<{ variant: { default: string; outline: string; secondary: string; ghost: string; destructive: string; link: string; }; size: { ...; }; }> & ClassProp) | undefined) => string>'.
app/(dashboard)/attendance/page.tsx(194,57): error TS2322: Type '{ children: Element; variant: "outline"; size: "sm"; asChild: true; }' is not assignable to type 'IntrinsicAttributes & ButtonProps & VariantProps<(props?: (ConfigVariants<{ variant: { default: string; outline: string; secondary: string; ghost: string; destructive: string; link: string; }; size: { ...; }; }> & ClassProp) | undefined) => string>'.
  Property 'asChild' does not exist on type 'IntrinsicAttributes & ButtonProps & VariantProps<(props?: (ConfigVariants<{ variant: { default: string; outline: string; secondary: string; ghost: string; destructive: string; link: string; }; size: { ...; }; }> & ClassProp) | undefined) => string>'.
app/(dashboard)/attendance/page.tsx(216,23): error TS2322: Type '{ children: Element; asChild: true; variant: "outline"; className: string; }' is not assignable to type 'IntrinsicAttributes & ButtonProps & VariantProps<(props?: (ConfigVariants<{ variant: { default: string; outline: string; secondary: string; ghost: string; destructive: string; link: string; }; size: { ...; }; }> & ClassProp) | undefined) => string>'.
  Property 'asChild' does not exist on type 'IntrinsicAttributes & ButtonProps & VariantProps<(props?: (ConfigVariants<{ variant: { default: string; outline: string; secondary: string; ghost: string; destructive: string; link: string; }; size: { ...; }; }> & ClassProp) | undefined) => string>'.
app/(dashboard)/attendance/page.tsx(232,21): error TS2322: Type '{ children: Element; asChild: true; variant: "outline"; className: string; }' is not assignable to type 'IntrinsicAttributes & ButtonProps & VariantProps<(props?: (ConfigVariants<{ variant: { default: string; outline: string; secondary: string; ghost: string; destructive: string; link: string; }; size: { ...; }; }> & ClassProp) | undefined) => string>'.
  Property 'asChild' does not exist on type 'IntrinsicAttributes & ButtonProps & VariantProps<(props?: (ConfigVariants<{ variant: { default: string; outline: string; secondary: string; ghost: string; destructive: string; link: string; }; size: { ...; }; }> & ClassProp) | undefined) => string>'.
app/(dashboard)/attendance/page.tsx(239,23): error TS2322: Type '{ children: Element; asChild: true; variant: "outline"; className: string; }' is not assignable to type 'IntrinsicAttributes & ButtonProps & VariantProps<(props?: (ConfigVariants<{ variant: { default: string; outline: string; secondary: string; ghost: string; destructive: string; link: string; }; size: { ...; }; }> & ClassProp) | undefined) => string>'.
  Property 'asChild' does not exist on type 'IntrinsicAttributes & ButtonProps & VariantProps<(props?: (ConfigVariants<{ variant: { default: string; outline: string; secondary: string; ghost: string; destructive: string; link: string; }; size: { ...; }; }> & ClassProp) | undefined) => string>'.
app/(dashboard)/contests/[id]/page.tsx(11,10): error TS2305: Module '"@/lib/utils"' has no exported member 'formatDateTime'.
app/(dashboard)/contests/[id]/page.tsx(136,18): error TS2322: Type '"outline" | "ended" | "live" | "upcoming"' is not assignable to type '"link" | "default" | "outline" | "secondary" | "ghost" | "destructive" | null | undefined'.
  Type '"ended"' is not assignable to type '"link" | "default" | "outline" | "secondary" | "ghost" | "destructive" | null | undefined'.
app/(dashboard)/contests/[id]/problems/page.tsx(10,10): error TS2305: Module '"@/lib/utils"' has no exported member 'getDifficultyColor'.
app/(dashboard)/contests/[id]/problems/page.tsx(92,32): error TS2322: Type '"easy" | "medium" | "hard"' is not assignable to type '"link" | "default" | "outline" | "secondary" | "ghost" | "destructive" | null | undefined'.
  Type '"easy"' is not assignable to type '"link" | "default" | "outline" | "secondary" | "ghost" | "destructive" | null | undefined'.
app/(dashboard)/contests/[id]/standings/page.tsx(157,27): error TS2322: Type '{ src: string | null | undefined; name: string; size: "sm"; }' is not assignable to type 'IntrinsicAttributes & AvatarRootProps & { size?: "default" | "sm" | "lg" | undefined; }'.
  Property 'src' does not exist on type 'IntrinsicAttributes & AvatarRootProps & { size?: "default" | "sm" | "lg" | undefined; }'.
app/(dashboard)/contests/create/page.tsx(328,30): error TS2322: Type '"easy" | "medium" | "hard"' is not assignable to type '"link" | "default" | "outline" | "secondary" | "ghost" | "destructive" | null | undefined'.
  Type '"easy"' is not assignable to type '"link" | "default" | "outline" | "secondary" | "ghost" | "destructive" | null | undefined'.
app/(dashboard)/contests/page.tsx(11,10): error TS2305: Module '"@/lib/utils"' has no exported member 'formatDateTime'.
app/(dashboard)/contests/page.tsx(286,19): error TS2322: Type '{ children: Element; asChild: true; className: string; }' is not assignable to type 'IntrinsicAttributes & ButtonProps & VariantProps<(props?: (ConfigVariants<{ variant: { default: string; outline: string; secondary: string; ghost: string; destructive: string; link: string; }; size: { ...; }; }> & ClassProp) | undefined) => string>'.
  Property 'asChild' does not exist on type 'IntrinsicAttributes & ButtonProps & VariantProps<(props?: (ConfigVariants<{ variant: { default: string; outline: string; secondary: string; ghost: string; destructive: string; link: string; }; size: { ...; }; }> & ClassProp) | undefined) => string>'.
app/(dashboard)/dashboard/page.tsx(112,21): error TS2322: Type '{ children: Element; asChild: true; }' is not assignable to type 'IntrinsicAttributes & ButtonProps & VariantProps<(props?: (ConfigVariants<{ variant: { default: string; outline: string; secondary: string; ghost: string; destructive: string; link: string; }; size: { ...; }; }> & ClassProp) | undefined) => string>'.
  Property 'asChild' does not exist on type 'IntrinsicAttributes & ButtonProps & VariantProps<(props?: (ConfigVariants<{ variant: { default: string; outline: string; secondary: string; ghost: string; destructive: string; link: string; }; size: { ...; }; }> & ClassProp) | undefined) => string>'.
app/(dashboard)/hackathons/[id]/page.tsx(26,10): error TS2305: Module '"@/lib/utils"' has no exported member 'formatDateTime'.
app/(dashboard)/hackathons/[id]/page.tsx(223,29): error TS2322: Type '{ children: Element; asChild: true; variant: "outline"; size: "sm"; className: string; }' is not assignable to type 'IntrinsicAttributes & ButtonProps & VariantProps<(props?: (ConfigVariants<{ variant: { default: string; outline: string; secondary: string; ghost: string; destructive: string; link: string; }; size: { ...; }; }> & ClassProp) | undefined) => string>'.
  Property 'asChild' does not exist on type 'IntrinsicAttributes & ButtonProps & VariantProps<(props?: (ConfigVariants<{ variant: { default: string; outline: string; secondary: string; ghost: string; destructive: string; link: string; }; size: { ...; }; }> & ClassProp) | undefined) => string>'.
app/(dashboard)/hackathons/[id]/page.tsx(288,35): error TS2322: Type '{ src: string | null | undefined; name: string; size: "sm"; }' is not assignable to type 'IntrinsicAttributes & AvatarRootProps & { size?: "default" | "sm" | "lg" | undefined; }'.
  Property 'src' does not exist on type 'IntrinsicAttributes & AvatarRootProps & { size?: "default" | "sm" | "lg" | undefined; }'.
app/(dashboard)/hackathons/[id]/page.tsx(338,33): error TS2322: Type '{ src: string | null | undefined; name: string; size: "sm"; className: string; }' is not assignable to type 'IntrinsicAttributes & AvatarRootProps & { size?: "default" | "sm" | "lg" | undefined; }'.
  Property 'src' does not exist on type 'IntrinsicAttributes & AvatarRootProps & { size?: "default" | "sm" | "lg" | undefined; }'.
app/(dashboard)/hackathons/page.tsx(14,10): error TS2305: Module '"@/lib/utils"' has no exported member 'formatDateTime'.
app/(dashboard)/hackathons/page.tsx(68,21): error TS2322: Type '{ children: Element; asChild: true; }' is not assignable to type 'IntrinsicAttributes & ButtonProps & VariantProps<(props?: (ConfigVariants<{ variant: { default: string; outline: string; secondary: string; ghost: string; destructive: string; link: string; }; size: { ...; }; }> & ClassProp) | undefined) => string>'.
  Property 'asChild' does not exist on type 'IntrinsicAttributes & ButtonProps & VariantProps<(props?: (ConfigVariants<{ variant: { default: string; outline: string; secondary: string; ghost: string; destructive: string; link: string; }; size: { ...; }; }> & ClassProp) | undefined) => string>'.
app/(dashboard)/hackathons/page.tsx(202,35): error TS2322: Type '{ children: Element; asChild: true; variant: "outline"; size: "sm"; className: string; }' is not assignable to type 'IntrinsicAttributes & ButtonProps & VariantProps<(props?: (ConfigVariants<{ variant: { default: string; outline: string; secondary: string; ghost: string; destructive: string; link: string; }; size: { ...; }; }> & ClassProp) | undefined) => string>'.
  Property 'asChild' does not exist on type 'IntrinsicAttributes & ButtonProps & VariantProps<(props?: (ConfigVariants<{ variant: { default: string; outline: string; secondary: string; ghost: string; destructive: string; link: string; }; size: { ...; }; }> & ClassProp) | undefined) => string>'.
app/(dashboard)/hackathons/page.tsx(217,29): error TS2322: Type '{ children: Element; asChild: true; className: string; }' is not assignable to type 'IntrinsicAttributes & ButtonProps & VariantProps<(props?: (ConfigVariants<{ variant: { default: string; outline: string; secondary: string; ghost: string; destructive: string; link: string; }; size: { ...; }; }> & ClassProp) | undefined) => string>'.
  Property 'asChild' does not exist on type 'IntrinsicAttributes & ButtonProps & VariantProps<(props?: (ConfigVariants<{ variant: { default: string; outline: string; secondary: string; ghost: string; destructive: string; link: string; }; size: { ...; }; }> & ClassProp) | undefined) => string>'.
app/(dashboard)/leaderboard/page.tsx(8,10): error TS2305: Module '"@/lib/utils"' has no exported member 'formatPoints'.
app/(dashboard)/leaderboard/page.tsx(151,27): error TS2322: Type '{ src: string | null | undefined; name: string; }' is not assignable to type 'IntrinsicAttributes & AvatarRootProps & { size?: "default" | "sm" | "lg" | undefined; }'.
  Property 'src' does not exist on type 'IntrinsicAttributes & AvatarRootProps & { size?: "default" | "sm" | "lg" | undefined; }'.
app/(dashboard)/notifications/page.tsx(9,14): error TS2305: Module '"@/lib/utils"' has no exported member 'formatRelativeTime'.
app/(dashboard)/notifications/page.tsx(123,29): error TS2322: Type '{ children: Element; asChild: true; variant: "outline"; className: string; }' is not assignable to type 'IntrinsicAttributes & ButtonProps & VariantProps<(props?: (ConfigVariants<{ variant: { default: string; outline: string; secondary: string; ghost: string; destructive: string; link: string; }; size: { ...; }; }> & ClassProp) | undefined) => string>'.
  Property 'asChild' does not exist on type 'IntrinsicAttributes & ButtonProps & VariantProps<(props?: (ConfigVariants<{ variant: { default: string; outline: string; secondary: string; ghost: string; destructive: string; link: string; }; size: { ...; }; }> & ClassProp) | undefined) => string>'.
app/(dashboard)/notifications/page.tsx(136,23): error TS2322: Type '{ children: Element; asChild: true; variant: "outline"; className: string; }' is not assignable to type 'IntrinsicAttributes & ButtonProps & VariantProps<(props?: (ConfigVariants<{ variant: { default: string; outline: string; secondary: string; ghost: string; destructive: string; link: string; }; size: { ...; }; }> & ClassProp) | undefined) => string>'.
  Property 'asChild' does not exist on type 'IntrinsicAttributes & ButtonProps & VariantProps<(props?: (ConfigVariants<{ variant: { default: string; outline: string; secondary: string; ghost: string; destructive: string; link: string; }; size: { ...; }; }> & ClassProp) | undefined) => string>'.
app/(dashboard)/problems/page.tsx(103,22): error TS2322: Type '{ children: Element; delayDuration: number; }' is not assignable to type 'IntrinsicAttributes & TooltipProviderProps'.
  Property 'delayDuration' does not exist on type 'IntrinsicAttributes & TooltipProviderProps'.
app/(dashboard)/problems/page.tsx(138,36): error TS2322: Type '{ children: Element; asChild: true; }' is not assignable to type 'IntrinsicAttributes & Props<unknown>'.
  Property 'asChild' does not exist on type 'IntrinsicAttributes & Props<unknown>'.
app/(dashboard)/problems/page.tsx(218,45): error TS2322: Type '{ children: Element; asChild: true; }' is not assignable to type 'IntrinsicAttributes & Props<unknown>'.
  Property 'asChild' does not exist on type 'IntrinsicAttributes & Props<unknown>'.
app/(dashboard)/sections/[id]/page.tsx(20,10): error TS2305: Module '"@/lib/auth"' has no exported member 'useCurrentUser'.
app/(dashboard)/sections/[id]/page.tsx(53,43): error TS2322: Type '{ children: Element; variant: "ghost"; size: "sm"; asChild: true; }' is not assignable to type 'IntrinsicAttributes & ButtonProps & VariantProps<(props?: (ConfigVariants<{ variant: { default: string; outline: string; secondary: string; ghost: string; destructive: string; link: string; }; size: { ...; }; }> & ClassProp) | undefined) => string>'.
  Property 'asChild' does not exist on type 'IntrinsicAttributes & ButtonProps & VariantProps<(props?: (ConfigVariants<{ variant: { default: string; outline: string; secondary: string; ghost: string; destructive: string; link: string; }; size: { ...; }; }> & ClassProp) | undefined) => string>'.
app/(dashboard)/skills/page.tsx(103,38): error TS2322: Type 'Dispatch<SetStateAction<string>>' is not assignable to type '(value: string | null, eventDetails: SelectRootChangeEventDetails) => void'.
  Types of parameters 'value' and 'value' are incompatible.
    Type 'string | null' is not assignable to type 'SetStateAction<string>'.
      Type 'null' is not assignable to type 'SetStateAction<string>'.
app/(dashboard)/skills/page.tsx(113,35): error TS2322: Type 'Dispatch<SetStateAction<string>>' is not assignable to type '(value: string | null, eventDetails: SelectRootChangeEventDetails) => void'.
  Types of parameters 'value' and 'value' are incompatible.
    Type 'string | null' is not assignable to type 'SetStateAction<string>'.
      Type 'null' is not assignable to type 'SetStateAction<string>'.
app/page.tsx(48,25): error TS2322: Type '{ children: Element; asChild: true; size: "sm"; className: string; }' is not assignable to type 'IntrinsicAttributes & ButtonProps & VariantProps<(props?: (ConfigVariants<{ variant: { default: string; outline: string; secondary: string; ghost: string; destructive: string; link: string; }; size: { ...; }; }> & ClassProp) | undefined) => string>'.
  Property 'asChild' does not exist on type 'IntrinsicAttributes & ButtonProps & VariantProps<(props?: (ConfigVariants<{ variant: { default: string; outline: string; secondary: string; ghost: string; destructive: string; link: string; }; size: { ...; }; }> & ClassProp) | undefined) => string>'.
app/page.tsx(56,27): error TS2322: Type '{ children: Element; asChild: true; variant: "ghost"; size: "sm"; className: string; }' is not assignable to type 'IntrinsicAttributes & ButtonProps & VariantProps<(props?: (ConfigVariants<{ variant: { default: string; outline: string; secondary: string; ghost: string; destructive: string; link: string; }; size: { ...; }; }> & ClassProp) | undefined) => string>'.
  Property 'asChild' does not exist on type 'IntrinsicAttributes & ButtonProps & VariantProps<(props?: (ConfigVariants<{ variant: { default: string; outline: string; secondary: string; ghost: string; destructive: string; link: string; }; size: { ...; }; }> & ClassProp) | undefined) => string>'.
app/page.tsx(59,27): error TS2322: Type '{ children: Element; asChild: true; size: "sm"; className: string; }' is not assignable to type 'IntrinsicAttributes & ButtonProps & VariantProps<(props?: (ConfigVariants<{ variant: { default: string; outline: string; secondary: string; ghost: string; destructive: string; link: string; }; size: { ...; }; }> & ClassProp) | undefined) => string>'.
  Property 'asChild' does not exist on type 'IntrinsicAttributes & ButtonProps & VariantProps<(props?: (ConfigVariants<{ variant: { default: string; outline: string; secondary: string; ghost: string; destructive: string; link: string; }; size: { ...; }; }> & ClassProp) | undefined) => string>'.
app/page.tsx(123,29): error TS2322: Type '{ children: Element; asChild: true; size: "lg"; className: string; }' is not assignable to type 'IntrinsicAttributes & ButtonProps & VariantProps<(props?: (ConfigVariants<{ variant: { default: string; outline: string; secondary: string; ghost: string; destructive: string; link: string; }; size: { ...; }; }> & ClassProp) | undefined) => string>'.
  Property 'asChild' does not exist on type 'IntrinsicAttributes & ButtonProps & VariantProps<(props?: (ConfigVariants<{ variant: { default: string; outline: string; secondary: string; ghost: string; destructive: string; link: string; }; size: { ...; }; }> & ClassProp) | undefined) => string>'.
app/page.tsx(131,31): error TS2322: Type '{ children: Element; asChild: true; size: "lg"; className: string; }' is not assignable to type 'IntrinsicAttributes & ButtonProps & VariantProps<(props?: (ConfigVariants<{ variant: { default: string; outline: string; secondary: string; ghost: string; destructive: string; link: string; }; size: { ...; }; }> & ClassProp) | undefined) => string>'.
  Property 'asChild' does not exist on type 'IntrinsicAttributes & ButtonProps & VariantProps<(props?: (ConfigVariants<{ variant: { default: string; outline: string; secondary: string; ghost: string; destructive: string; link: string; }; size: { ...; }; }> & ClassProp) | undefined) => string>'.
app/page.tsx(134,31): error TS2322: Type '{ children: Element; asChild: true; variant: "outline"; size: "lg"; className: string; }' is not assignable to type 'IntrinsicAttributes & ButtonProps & VariantProps<(props?: (ConfigVariants<{ variant: { default: string; outline: string; secondary: string; ghost: string; destructive: string; link: string; }; size: { ...; }; }> & ClassProp) | undefined) => string>'.
  Property 'asChild' does not exist on type 'IntrinsicAttributes & ButtonProps & VariantProps<(props?: (ConfigVariants<{ variant: { default: string; outline: string; secondary: string; ghost: string; destructive: string; link: string; }; size: { ...; }; }> & ClassProp) | undefined) => string>'.
components/coding/SubmissionResultPanel.tsx(8,14): error TS2305: Module '"@/lib/utils"' has no exported member 'formatMemory'.
components/coding/SubmissionResultPanel.tsx(8,28): error TS2305: Module '"@/lib/utils"' has no exported member 'formatRuntime'.
components/coding/workspace/DescriptionPanel.tsx(10,14): error TS2305: Module '"@/lib/utils"' has no exported member 'formatMemory'.
components/coding/workspace/DescriptionPanel.tsx(10,28): error TS2305: Module '"@/lib/utils"' has no exported member 'formatRelativeTime'.
components/coding/workspace/DescriptionPanel.tsx(10,48): error TS2305: Module '"@/lib/utils"' has no exported member 'formatRuntime'.
components/coding/workspace/DescriptionPanel.tsx(229,22): error TS2322: Type '{ children: Element[]; type: string; collapsible: true; }' is not assignable to type 'IntrinsicAttributes & Props<any>'.
  Property 'type' does not exist on type 'IntrinsicAttributes & Props<any>'.
components/coding/workspace/EditorPanel.tsx(40,34): error TS2322: Type '(value: string) => void' is not assignable to type '(value: string | null, eventDetails: SelectRootChangeEventDetails) => void'.
  Types of parameters 'value' and 'value' are incompatible.
    Type 'string | null' is not assignable to type 'string'.
      Type 'null' is not assignable to type 'string'.
components/coding/workspace/ProblemNavbar.tsx(125,75): error TS2322: Type '{ children: Element; variant: "ghost"; size: "icon"; disabled: boolean; asChild: true; }' is not assignable to type 'IntrinsicAttributes & ButtonProps & VariantProps<(props?: (ConfigVariants<{ variant: { default: string; outline: string; secondary: string; ghost: string; destructive: string; link: string; }; size: { ...; }; }> & ClassProp) | undefined) => string>'.
  Property 'asChild' does not exist on type 'IntrinsicAttributes & ButtonProps & VariantProps<(props?: (ConfigVariants<{ variant: { default: string; outline: string; secondary: string; ghost: string; destructive: string; link: string; }; size: { ...; }; }> & ClassProp) | undefined) => string>'.
components/coding/workspace/ProblemNavbar.tsx(133,71): error TS2322: Type '{ children: Element; variant: "ghost"; size: "icon"; disabled: boolean; asChild: true; }' is not assignable to type 'IntrinsicAttributes & ButtonProps & VariantProps<(props?: (ConfigVariants<{ variant: { default: string; outline: string; secondary: string; ghost: string; destructive: string; link: string; }; size: { ...; }; }> & ClassProp) | undefined) => string>'.
  Property 'asChild' does not exist on type 'IntrinsicAttributes & ButtonProps & VariantProps<(props?: (ConfigVariants<{ variant: { default: string; outline: string; secondary: string; ghost: string; destructive: string; link: string; }; size: { ...; }; }> & ClassProp) | undefined) => string>'.
components/coding/workspace/ProblemNavbar.tsx(160,32): error TS2322: Type '{ children: Element; asChild: true; }' is not assignable to type 'IntrinsicAttributes & Props<unknown>'.
  Property 'asChild' does not exist on type 'IntrinsicAttributes & Props<unknown>'.
components/coding/workspace/ProblemWorkspace.tsx(20,28): error TS2322: Type '{ children: Element[]; direction: string; className: string; }' is not assignable to type 'IntrinsicAttributes & HTMLAttributes<HTMLDivElement> & { children?: ReactNode; className?: string | undefined; ... 10 more ...; style?: CSSProperties | undefined; }'.
  Property 'direction' does not exist on type 'IntrinsicAttributes & HTMLAttributes<HTMLDivElement> & { children?: ReactNode; className?: string | undefined; ... 10 more ...; style?: CSSProperties | undefined; }'.
components/coding/workspace/ProblemWorkspace.tsx(30,32): error TS2322: Type '{ children: Element[]; direction: string; className: string; }' is not assignable to type 'IntrinsicAttributes & HTMLAttributes<HTMLDivElement> & { children?: ReactNode; className?: string | undefined; ... 10 more ...; style?: CSSProperties | undefined; }'.
  Property 'direction' does not exist on type 'IntrinsicAttributes & HTMLAttributes<HTMLDivElement> & { children?: ReactNode; className?: string | undefined; ... 10 more ...; style?: CSSProperties | undefined; }'.
components/coding/workspace/TestCasePanel.tsx(9,14): error TS2305: Module '"@/lib/utils"' has no exported member 'formatMemory'.
components/coding/workspace/TestCasePanel.tsx(9,28): error TS2305: Module '"@/lib/utils"' has no exported member 'formatRuntime'.
components/departments/DepartmentContestsTab.tsx(88,51): error TS2322: Type '{ children: Element; variant: "ghost"; size: "sm"; asChild: true; }' is not assignable to type 'IntrinsicAttributes & ButtonProps & VariantProps<(props?: (ConfigVariants<{ variant: { default: string; outline: string; secondary: string; ghost: string; destructive: string; link: string; }; size: { ...; }; }> & ClassProp) | undefined) => string>'.
  Property 'asChild' does not exist on type 'IntrinsicAttributes & ButtonProps & VariantProps<(props?: (ConfigVariants<{ variant: { default: string; outline: string; secondary: string; ghost: string; destructive: string; link: string; }; size: { ...; }; }> & ClassProp) | undefined) => string>'.
components/departments/DepartmentLeaderboardTab.tsx(84,29): error TS2322: Type '{ src: string | null | undefined; name: string; size: "sm"; }' is not assignable to type 'IntrinsicAttributes & AvatarRootProps & { size?: "default" | "sm" | "lg" | undefined; }'.
  Property 'src' does not exist on type 'IntrinsicAttributes & AvatarRootProps & { size?: "default" | "sm" | "lg" | undefined; }'.
components/departments/DepartmentSectionsTab.tsx(77,68): error TS2322: Type '{ children: Element; variant: "outline"; size: "sm"; className: string; asChild: true; }' is not assignable to type 'IntrinsicAttributes & ButtonProps & VariantProps<(props?: (ConfigVariants<{ variant: { default: string; outline: string; secondary: string; ghost: string; destructive: string; link: string; }; size: { ...; }; }> & ClassProp) | undefined) => string>'.
  Property 'asChild' does not exist on type 'IntrinsicAttributes & ButtonProps & VariantProps<(props?: (ConfigVariants<{ variant: { default: string; outline: string; secondary: string; ghost: string; destructive: string; link: string; }; size: { ...; }; }> & ClassProp) | undefined) => string>'.
components/departments/DepartmentStudentsTab.tsx(77,31): error TS2322: Type '{ src: string | null | undefined; name: string; size: "sm"; }' is not assignable to type 'IntrinsicAttributes & AvatarRootProps & { size?: "default" | "sm" | "lg" | undefined; }'.
  Property 'src' does not exist on type 'IntrinsicAttributes & AvatarRootProps & { size?: "default" | "sm" | "lg" | undefined; }'.
components/departments/DepartmentTeachersTab.tsx(60,27): error TS2322: Type '{ src: string | null | undefined; name: string; size: "sm"; }' is not assignable to type 'IntrinsicAttributes & AvatarRootProps & { size?: "default" | "sm" | "lg" | undefined; }'.
  Property 'src' does not exist on type 'IntrinsicAttributes & AvatarRootProps & { size?: "default" | "sm" | "lg" | undefined; }'.
components/layout/sidebar.tsx(9,14): error TS2305: Module '"@/lib/utils"' has no exported member 'formatRoleLabel'.
components/layout/sidebar.tsx(321,19): error TS2322: Type '{ src: string | null; name: string; }' is not assignable to type 'IntrinsicAttributes & AvatarRootProps & { size?: "default" | "sm" | "lg" | undefined; }'.
  Property 'src' does not exist on type 'IntrinsicAttributes & AvatarRootProps & { size?: "default" | "sm" | "lg" | undefined; }'.
components/layout/topbar.tsx(41,14): error TS2305: Module '"@/lib/utils"' has no exported member 'formatRelativeTime'.
components/layout/topbar.tsx(41,34): error TS2305: Module '"@/lib/utils"' has no exported member 'formatRoleLabel'.
components/layout/topbar.tsx(208,34): error TS2322: Type '{ children: Element; asChild: true; }' is not assignable to type 'IntrinsicAttributes & Props<unknown>'.
  Property 'asChild' does not exist on type 'IntrinsicAttributes & Props<unknown>'.
components/layout/topbar.tsx(232,34): error TS2322: Type '{ children: Element; asChild: true; }' is not assignable to type 'IntrinsicAttributes & Props<unknown>'.
  Property 'asChild' does not exist on type 'IntrinsicAttributes & Props<unknown>'.
components/layout/topbar.tsx(299,34): error TS2322: Type '{ children: Element; asChild: true; }' is not assignable to type 'IntrinsicAttributes & Props<unknown>'.
  Property 'asChild' does not exist on type 'IntrinsicAttributes & Props<unknown>'.
components/layout/topbar.tsx(301,25): error TS2322: Type '{ src: string | null | undefined; name: string | undefined; size: "sm"; }' is not assignable to type 'IntrinsicAttributes & AvatarRootProps & { size?: "default" | "sm" | "lg" | undefined; }'.
  Property 'src' does not exist on type 'IntrinsicAttributes & AvatarRootProps & { size?: "default" | "sm" | "lg" | undefined; }'.
components/profile/public-profile-view.tsx(221,17): error TS2322: Type '{ src: string | null | undefined; name: string; size: "lg"; className: string; }' is not assignable to type 'IntrinsicAttributes & AvatarRootProps & { size?: "default" | "sm" | "lg" | undefined; }'.
  Property 'src' does not exist on type 'IntrinsicAttributes & AvatarRootProps & { size?: "default" | "sm" | "lg" | undefined; }'.
components/profile/public-profile-view.tsx(322,75): error TS2345: Argument of type 'string | null' is not assignable to parameter of type 'string'.
  Type 'null' is not assignable to type 'string'.
components/profile/public-profile-view.tsx(506,31): error TS2322: Type '{ children: Element; asChild: true; variant: "outline"; size: "sm"; }' is not assignable to type 'IntrinsicAttributes & ButtonProps & VariantProps<(props?: (ConfigVariants<{ variant: { default: string; outline: string; secondary: string; ghost: string; destructive: string; link: string; }; size: { ...; }; }> & ClassProp) | undefined) => string>'.
  Property 'asChild' does not exist on type 'IntrinsicAttributes & ButtonProps & VariantProps<(props?: (ConfigVariants<{ variant: { default: string; outline: string; secondary: string; ghost: string; destructive: string; link: string; }; size: { ...; }; }> & ClassProp) | undefined) => string>'.
components/profile/public-profile-view.tsx(514,31): error TS2322: Type '{ children: Element; asChild: true; size: "sm"; }' is not assignable to type 'IntrinsicAttributes & ButtonProps & VariantProps<(props?: (ConfigVariants<{ variant: { default: string; outline: string; secondary: string; ghost: string; destructive: string; link: string; }; size: { ...; }; }> & ClassProp) | undefined) => string>'.
  Property 'asChild' does not exist on type 'IntrinsicAttributes & ButtonProps & VariantProps<(props?: (ConfigVariants<{ variant: { default: string; outline: string; secondary: string; ghost: string; destructive: string; link: string; }; size: { ...; }; }> & ClassProp) | undefined) => string>'.
components/profile/public-profile-view.tsx(588,25): error TS2322: Type '{ children: Element; asChild: true; }' is not assignable to type 'IntrinsicAttributes & ButtonProps & VariantProps<(props?: (ConfigVariants<{ variant: { default: string; outline: string; secondary: string; ghost: string; destructive: string; link: string; }; size: { ...; }; }> & ClassProp) | undefined) => string>'.
  Property 'asChild' does not exist on type 'IntrinsicAttributes & ButtonProps & VariantProps<(props?: (ConfigVariants<{ variant: { default: string; outline: string; secondary: string; ghost: string; destructive: string; link: string; }; size: { ...; }; }> & ClassProp) | undefined) => string>'.
components/sections/EditSubjectDialog.tsx(116,45): error TS2345: Argument of type '(f: { name: string; code: string; teacherId: string; maxMidTerm: number; maxEndTerm: number; maxAssignment: number; maxTC: number; }) => { teacherId: string | null; name: string; code: string; maxMidTerm: number; maxEndTerm: number; maxAssignment: number; maxTC: number; }' is not assignable to parameter of type 'SetStateAction<{ name: string; code: string; teacherId: string; maxMidTerm: number; maxEndTerm: number; maxAssignment: number; maxTC: number; }>'.
  Type '(f: { name: string; code: string; teacherId: string; maxMidTerm: number; maxEndTerm: number; maxAssignment: number; maxTC: number; }) => { teacherId: string | null; name: string; code: string; maxMidTerm: number; maxEndTerm: number; maxAssignment: number; maxTC: number; }' is not assignable to type '(prevState: { name: string; code: string; teacherId: string; maxMidTerm: number; maxEndTerm: number; maxAssignment: number; maxTC: number; }) => { name: string; code: string; teacherId: string; maxMidTerm: number; maxEndTerm: number; maxAssignment: number; maxTC: number; }'.
    Call signature return types '{ teacherId: string | null; name: string; code: string; maxMidTerm: number; maxEndTerm: number; maxAssignment: number; maxTC: number; }' and '{ name: string; code: string; teacherId: string; maxMidTerm: number; maxEndTerm: number; maxAssignment: number; maxTC: number; }' are incompatible.
      The types of 'teacherId' are incompatible between these types.
        Type 'string | null' is not assignable to type 'string'.
          Type 'null' is not assignable to type 'string'.
components/sections/ManageCoordinatorsDialog.tsx(79,22): error TS2322: Type '{ children: Element; asChild: true; }' is not assignable to type 'IntrinsicAttributes & Props<unknown>'.
  Property 'asChild' does not exist on type 'IntrinsicAttributes & Props<unknown>'.
components/sections/ManageCoordinatorsDialog.tsx(115,44): error TS2322: Type 'Dispatch<SetStateAction<string>>' is not assignable to type '(value: string | null, eventDetails: SelectRootChangeEventDetails) => void'.
  Types of parameters 'value' and 'value' are incompatible.
    Type 'string | null' is not assignable to type 'SetStateAction<string>'.
      Type 'null' is not assignable to type 'SetStateAction<string>'.
components/sections/ManageTeachersDialog.tsx(62,22): error TS2322: Type '{ children: Element; asChild: true; }' is not assignable to type 'IntrinsicAttributes & Props<unknown>'.
  Property 'asChild' does not exist on type 'IntrinsicAttributes & Props<unknown>'.
components/sections/ManageTeachersDialog.tsx(93,54): error TS2345: Argument of type '(s: Record<string, string>) => { [x: string]: string | null; }' is not assignable to parameter of type 'SetStateAction<Record<string, string>>'.
  Type '(s: Record<string, string>) => { [x: string]: string | null; }' is not assignable to type '(prevState: Record<string, string>) => Record<string, string>'.
    Type '{ [x: string]: string | null; }' is not assignable to type 'Record<string, string>'.
      'string' index signatures are incompatible.
        Type 'string | null' is not assignable to type 'string'.
          Type 'null' is not assignable to type 'string'.
components/sections/SectionContestsTab.tsx(65,51): error TS2322: Type '{ children: Element; variant: "ghost"; size: "sm"; asChild: true; }' is not assignable to type 'IntrinsicAttributes & ButtonProps & VariantProps<(props?: (ConfigVariants<{ variant: { default: string; outline: string; secondary: string; ghost: string; destructive: string; link: string; }; size: { ...; }; }> & ClassProp) | undefined) => string>'.
  Property 'asChild' does not exist on type 'IntrinsicAttributes & ButtonProps & VariantProps<(props?: (ConfigVariants<{ variant: { default: string; outline: string; secondary: string; ghost: string; destructive: string; link: string; }; size: { ...; }; }> & ClassProp) | undefined) => string>'.
components/sections/SectionLeaderboardTab.tsx(55,29): error TS2322: Type '{ src: string | null | undefined; name: string; size: "sm"; }' is not assignable to type 'IntrinsicAttributes & AvatarRootProps & { size?: "default" | "sm" | "lg" | undefined; }'.
  Property 'src' does not exist on type 'IntrinsicAttributes & AvatarRootProps & { size?: "default" | "sm" | "lg" | undefined; }'.
components/sections/SectionStudentsTab.tsx(14,10): error TS2305: Module '"@/lib/auth"' has no exported member 'useCurrentUser'.
components/sections/SectionStudentsTab.tsx(104,31): error TS2322: Type '{ src: string | null | undefined; name: string; size: "sm"; }' is not assignable to type 'IntrinsicAttributes & AvatarRootProps & { size?: "default" | "sm" | "lg" | undefined; }'.
  Property 'src' does not exist on type 'IntrinsicAttributes & AvatarRootProps & { size?: "default" | "sm" | "lg" | undefined; }'.
components/sections/SectionSubjectsTab.tsx(15,10): error TS2305: Module '"@/lib/auth"' has no exported member 'useCurrentUser'.
components/sections/SectionSubjectsTab.tsx(123,46): error TS2322: Type '{ children: Element; asChild: true; }' is not assignable to type 'IntrinsicAttributes & Props<unknown>'.
  Property 'asChild' does not exist on type 'IntrinsicAttributes & Props<unknown>'.
components/settings/AdminSettingsForm.tsx(52,49): error TS2322: Type '{ children: Element; variant: "ghost"; size: "sm"; asChild: true; }' is not assignable to type 'IntrinsicAttributes & ButtonProps & VariantProps<(props?: (ConfigVariants<{ variant: { default: string; outline: string; secondary: string; ghost: string; destructive: string; link: string; }; size: { ...; }; }> & ClassProp) | undefined) => string>'.
  Property 'asChild' does not exist on type 'IntrinsicAttributes & ButtonProps & VariantProps<(props?: (ConfigVariants<{ variant: { default: string; outline: string; secondary: string; ghost: string; destructive: string; link: string; }; size: { ...; }; }> & ClassProp) | undefined) => string>'.
components/settings/CommonProfileSettings.tsx(56,21): error TS2322: Type '{ src: string | null | undefined; name: string | undefined; size: "lg"; }' is not assignable to type 'IntrinsicAttributes & AvatarRootProps & { size?: "default" | "sm" | "lg" | undefined; }'.
  Property 'src' does not exist on type 'IntrinsicAttributes & AvatarRootProps & { size?: "default" | "sm" | "lg" | undefined; }'.
components/settings/StudentSettingsForm.tsx(19,19): error TS2322: Type '{ children: Element; asChild: true; }' is not assignable to type 'IntrinsicAttributes & ButtonProps & VariantProps<(props?: (ConfigVariants<{ variant: { default: string; outline: string; secondary: string; ghost: string; destructive: string; link: string; }; size: { ...; }; }> & ClassProp) | undefined) => string>'.
  Property 'asChild' does not exist on type 'IntrinsicAttributes & ButtonProps & VariantProps<(props?: (ConfigVariants<{ variant: { default: string; outline: string; secondary: string; ghost: string; destructive: string; link: string; }; size: { ...; }; }> & ClassProp) | undefined) => string>'.
components/students/StudentPerformancePanel.tsx(140,66): error TS2322: Type '"md"' is not assignable to type '"default" | "sm" | "lg" | undefined'.
ΓÇëELIFECYCLEΓÇë Command failed with exit code 2.
